2024-04-15 00:39:15.101 [WARN]  jwt_spring_security [HikariCP housekeeper] com.zaxxer.hikari.pool.HikariPool                  - HikariCP - Thread starvation or clock leap detected (housekeeper delta=16m44s781ms).
2024-04-15 00:41:24.711 [WARN]  jwt_spring_security [HikariCP housekeeper] com.zaxxer.hikari.pool.HikariPool                  - HikariCP - Thread starvation or clock leap detected (housekeeper delta=2m9s609ms).
2024-04-15 00:57:44.620 [WARN]  jwt_spring_security [HikariCP housekeeper] com.zaxxer.hikari.pool.HikariPool                  - HikariCP - Thread starvation or clock leap detected (housekeeper delta=16m19s909ms).
2024-04-15 00:59:54.227 [WARN]  jwt_spring_security [HikariCP housekeeper] com.zaxxer.hikari.pool.HikariPool                  - HikariCP - Thread starvation or clock leap detected (housekeeper delta=2m9s607ms).
2024-04-15 01:01:38.929 [WARN]  jwt_spring_security [HikariCP housekeeper] com.zaxxer.hikari.pool.HikariPool                  - HikariCP - Thread starvation or clock leap detected (housekeeper delta=1m44s703ms).
2024-04-15 01:03:48.522 [WARN]  jwt_spring_security [HikariCP housekeeper] com.zaxxer.hikari.pool.HikariPool                  - HikariCP - Thread starvation or clock leap detected (housekeeper delta=2m9s593ms).
2024-04-15 01:05:33.213 [WARN]  jwt_spring_security [HikariCP housekeeper] com.zaxxer.hikari.pool.HikariPool                  - HikariCP - Thread starvation or clock leap detected (housekeeper delta=1m44s691ms).
2024-04-15 01:21:53.227 [WARN]  jwt_spring_security [HikariCP housekeeper] com.zaxxer.hikari.pool.HikariPool                  - HikariCP - Thread starvation or clock leap detected (housekeeper delta=16m20s14ms).
2024-04-15 01:23:37.980 [WARN]  jwt_spring_security [HikariCP housekeeper] com.zaxxer.hikari.pool.HikariPool                  - HikariCP - Thread starvation or clock leap detected (housekeeper delta=1m44s753ms).
2024-04-15 01:25:47.576 [WARN]  jwt_spring_security [HikariCP housekeeper] com.zaxxer.hikari.pool.HikariPool                  - HikariCP - Thread starvation or clock leap detected (housekeeper delta=2m9s596ms).
2024-04-15 01:42:57.298 [WARN]  jwt_spring_security [HikariCP housekeeper] com.zaxxer.hikari.pool.HikariPool                  - HikariCP - Thread starvation or clock leap detected (housekeeper delta=17m9s722ms).
2024-04-15 01:44:41.999 [WARN]  jwt_spring_security [HikariCP housekeeper] com.zaxxer.hikari.pool.HikariPool                  - HikariCP - Thread starvation or clock leap detected (housekeeper delta=1m44s701ms).
2024-04-15 02:01:01.958 [WARN]  jwt_spring_security [HikariCP housekeeper] com.zaxxer.hikari.pool.HikariPool                  - HikariCP - Thread starvation or clock leap detected (housekeeper delta=16m19s959ms).
2024-04-15 02:03:11.538 [WARN]  jwt_spring_security [HikariCP housekeeper] com.zaxxer.hikari.pool.HikariPool                  - HikariCP - Thread starvation or clock leap detected (housekeeper delta=2m9s580ms).
2024-04-15 02:05:21.121 [WARN]  jwt_spring_security [HikariCP housekeeper] com.zaxxer.hikari.pool.HikariPool                  - HikariCP - Thread starvation or clock leap detected (housekeeper delta=2m9s583ms).
2024-04-15 02:07:05.817 [WARN]  jwt_spring_security [HikariCP housekeeper] com.zaxxer.hikari.pool.HikariPool                  - HikariCP - Thread starvation or clock leap detected (housekeeper delta=1m44s696ms).
2024-04-15 02:24:15.503 [WARN]  jwt_spring_security [HikariCP housekeeper] com.zaxxer.hikari.pool.HikariPool                  - HikariCP - Thread starvation or clock leap detected (housekeeper delta=17m9s686ms).
2024-04-15 02:26:25.088 [WARN]  jwt_spring_security [HikariCP housekeeper] com.zaxxer.hikari.pool.HikariPool                  - HikariCP - Thread starvation or clock leap detected (housekeeper delta=2m9s585ms).
2024-04-15 02:43:23.100 [WARN]  jwt_spring_security [HikariCP housekeeper] com.zaxxer.hikari.pool.HikariPool                  - HikariCP - Thread starvation or clock leap detected (housekeeper delta=16m58s12ms).
2024-04-15 02:44:42.898 [WARN]  jwt_spring_security [HikariCP housekeeper] com.zaxxer.hikari.pool.HikariPool                  - HikariCP - Thread starvation or clock leap detected (housekeeper delta=1m19s798ms).
2024-04-15 02:57:00.516 [WARN]  jwt_spring_security [HikariCP housekeeper] com.zaxxer.hikari.pool.HikariPool                  - HikariCP - Thread starvation or clock leap detected (housekeeper delta=12m17s617ms).
2024-04-15 02:58:45.206 [WARN]  jwt_spring_security [HikariCP housekeeper] com.zaxxer.hikari.pool.HikariPool                  - HikariCP - Thread starvation or clock leap detected (housekeeper delta=1m44s691ms).
2024-04-15 03:00:54.799 [WARN]  jwt_spring_security [HikariCP housekeeper] com.zaxxer.hikari.pool.HikariPool                  - HikariCP - Thread starvation or clock leap detected (housekeeper delta=2m9s592ms).
2024-04-15 03:18:04.421 [WARN]  jwt_spring_security [HikariCP housekeeper] com.zaxxer.hikari.pool.HikariPool                  - HikariCP - Thread starvation or clock leap detected (housekeeper delta=17m9s623ms).
2024-04-15 03:20:13.997 [WARN]  jwt_spring_security [HikariCP housekeeper] com.zaxxer.hikari.pool.HikariPool                  - HikariCP - Thread starvation or clock leap detected (housekeeper delta=2m9s576ms).
2024-04-15 03:21:58.699 [WARN]  jwt_spring_security [HikariCP housekeeper] com.zaxxer.hikari.pool.HikariPool                  - HikariCP - Thread starvation or clock leap detected (housekeeper delta=1m44s702ms).
2024-04-15 03:24:08.303 [WARN]  jwt_spring_security [HikariCP housekeeper] com.zaxxer.hikari.pool.HikariPool                  - HikariCP - Thread starvation or clock leap detected (housekeeper delta=2m9s604ms).
2024-04-15 03:40:53.114 [WARN]  jwt_spring_security [HikariCP housekeeper] com.zaxxer.hikari.pool.HikariPool                  - HikariCP - Thread starvation or clock leap detected (housekeeper delta=16m44s810ms).
2024-04-15 03:42:37.774 [WARN]  jwt_spring_security [HikariCP housekeeper] com.zaxxer.hikari.pool.HikariPool                  - HikariCP - Thread starvation or clock leap detected (housekeeper delta=1m44s661ms).
2024-04-15 03:59:47.568 [WARN]  jwt_spring_security [HikariCP housekeeper] com.zaxxer.hikari.pool.HikariPool                  - HikariCP - Thread starvation or clock leap detected (housekeeper delta=17m9s794ms).
2024-04-15 04:01:57.178 [WARN]  jwt_spring_security [HikariCP housekeeper] com.zaxxer.hikari.pool.HikariPool                  - HikariCP - Thread starvation or clock leap detected (housekeeper delta=2m9s609ms).
2024-04-15 04:19:06.939 [WARN]  jwt_spring_security [HikariCP housekeeper] com.zaxxer.hikari.pool.HikariPool                  - HikariCP - Thread starvation or clock leap detected (housekeeper delta=17m9s762ms).
2024-04-15 04:20:51.659 [WARN]  jwt_spring_security [HikariCP housekeeper] com.zaxxer.hikari.pool.HikariPool                  - HikariCP - Thread starvation or clock leap detected (housekeeper delta=1m44s720ms).
2024-04-15 04:39:43.691 [WARN]  jwt_spring_security [HikariCP housekeeper] com.zaxxer.hikari.pool.HikariPool                  - HikariCP - Thread starvation or clock leap detected (housekeeper delta=18m52s32ms).
2024-04-15 04:41:28.396 [WARN]  jwt_spring_security [HikariCP housekeeper] com.zaxxer.hikari.pool.HikariPool                  - HikariCP - Thread starvation or clock leap detected (housekeeper delta=1m44s705ms).
2024-04-15 04:43:37.999 [WARN]  jwt_spring_security [HikariCP housekeeper] com.zaxxer.hikari.pool.HikariPool                  - HikariCP - Thread starvation or clock leap detected (housekeeper delta=2m9s603ms).
2024-04-15 04:45:22.701 [WARN]  jwt_spring_security [HikariCP housekeeper] com.zaxxer.hikari.pool.HikariPool                  - HikariCP - Thread starvation or clock leap detected (housekeeper delta=1m44s702ms).
2024-04-15 04:47:32.267 [WARN]  jwt_spring_security [HikariCP housekeeper] com.zaxxer.hikari.pool.HikariPool                  - HikariCP - Thread starvation or clock leap detected (housekeeper delta=2m9s566ms).
2024-04-15 04:49:41.868 [WARN]  jwt_spring_security [HikariCP housekeeper] com.zaxxer.hikari.pool.HikariPool                  - HikariCP - Thread starvation or clock leap detected (housekeeper delta=2m9s601ms).
2024-04-15 04:51:51.462 [WARN]  jwt_spring_security [HikariCP housekeeper] com.zaxxer.hikari.pool.HikariPool                  - HikariCP - Thread starvation or clock leap detected (housekeeper delta=2m9s594ms).
2024-04-15 04:53:36.154 [WARN]  jwt_spring_security [HikariCP housekeeper] com.zaxxer.hikari.pool.HikariPool                  - HikariCP - Thread starvation or clock leap detected (housekeeper delta=1m44s692ms).
2024-04-15 05:09:56.224 [WARN]  jwt_spring_security [HikariCP housekeeper] com.zaxxer.hikari.pool.HikariPool                  - HikariCP - Thread starvation or clock leap detected (housekeeper delta=16m20s69ms).
2024-04-15 05:11:40.938 [WARN]  jwt_spring_security [HikariCP housekeeper] com.zaxxer.hikari.pool.HikariPool                  - HikariCP - Thread starvation or clock leap detected (housekeeper delta=1m44s715ms).
2024-04-15 05:13:50.536 [WARN]  jwt_spring_security [HikariCP housekeeper] com.zaxxer.hikari.pool.HikariPool                  - HikariCP - Thread starvation or clock leap detected (housekeeper delta=2m9s598ms).
2024-04-15 05:16:00.130 [WARN]  jwt_spring_security [HikariCP housekeeper] com.zaxxer.hikari.pool.HikariPool                  - HikariCP - Thread starvation or clock leap detected (housekeeper delta=2m9s594ms).
2024-04-15 05:18:09.720 [WARN]  jwt_spring_security [HikariCP housekeeper] com.zaxxer.hikari.pool.HikariPool                  - HikariCP - Thread starvation or clock leap detected (housekeeper delta=2m9s590ms).
2024-04-15 05:19:29.514 [WARN]  jwt_spring_security [HikariCP housekeeper] com.zaxxer.hikari.pool.HikariPool                  - HikariCP - Thread starvation or clock leap detected (housekeeper delta=1m19s794ms).
2024-04-15 05:26:39.450 [WARN]  jwt_spring_security [HikariCP housekeeper] com.zaxxer.hikari.pool.HikariPool                  - HikariCP - Thread starvation or clock leap detected (housekeeper delta=7m9s936ms).
2024-04-15 05:28:49.024 [WARN]  jwt_spring_security [HikariCP housekeeper] com.zaxxer.hikari.pool.HikariPool                  - HikariCP - Thread starvation or clock leap detected (housekeeper delta=2m9s574ms).
2024-04-15 05:30:33.720 [WARN]  jwt_spring_security [HikariCP housekeeper] com.zaxxer.hikari.pool.HikariPool                  - HikariCP - Thread starvation or clock leap detected (housekeeper delta=1m44s696ms).
2024-04-15 05:32:43.315 [WARN]  jwt_spring_security [HikariCP housekeeper] com.zaxxer.hikari.pool.HikariPool                  - HikariCP - Thread starvation or clock leap detected (housekeeper delta=2m9s595ms).
2024-04-15 05:49:52.808 [WARN]  jwt_spring_security [HikariCP housekeeper] com.zaxxer.hikari.pool.HikariPool                  - HikariCP - Thread starvation or clock leap detected (housekeeper delta=17m9s493ms).
2024-04-15 06:07:02.452 [WARN]  jwt_spring_security [HikariCP housekeeper] com.zaxxer.hikari.pool.HikariPool                  - HikariCP - Thread starvation or clock leap detected (housekeeper delta=17m9s644ms).
2024-04-15 06:08:47.113 [WARN]  jwt_spring_security [HikariCP housekeeper] com.zaxxer.hikari.pool.HikariPool                  - HikariCP - Thread starvation or clock leap detected (housekeeper delta=1m44s661ms).
2024-04-15 06:25:56.865 [WARN]  jwt_spring_security [HikariCP housekeeper] com.zaxxer.hikari.pool.HikariPool                  - HikariCP - Thread starvation or clock leap detected (housekeeper delta=17m9s752ms).
2024-04-15 06:28:06.449 [WARN]  jwt_spring_security [HikariCP housekeeper] com.zaxxer.hikari.pool.HikariPool                  - HikariCP - Thread starvation or clock leap detected (housekeeper delta=2m9s584ms).
2024-04-15 06:29:26.441 [WARN]  jwt_spring_security [HikariCP housekeeper] com.zaxxer.hikari.pool.HikariPool                  - HikariCP - Thread starvation or clock leap detected (housekeeper delta=1m19s992ms).
2024-04-15 06:46:19.566 [WARN]  jwt_spring_security [HikariCP housekeeper] com.zaxxer.hikari.pool.HikariPool                  - HikariCP - Thread starvation or clock leap detected (housekeeper delta=16m53s124ms).
2024-04-15 06:48:29.142 [WARN]  jwt_spring_security [HikariCP housekeeper] com.zaxxer.hikari.pool.HikariPool                  - HikariCP - Thread starvation or clock leap detected (housekeeper delta=2m9s577ms).
2024-04-15 06:50:13.833 [WARN]  jwt_spring_security [HikariCP housekeeper] com.zaxxer.hikari.pool.HikariPool                  - HikariCP - Thread starvation or clock leap detected (housekeeper delta=1m44s691ms).
2024-04-15 06:52:23.415 [WARN]  jwt_spring_security [HikariCP housekeeper] com.zaxxer.hikari.pool.HikariPool                  - HikariCP - Thread starvation or clock leap detected (housekeeper delta=2m9s582ms).
2024-04-15 06:54:32.986 [WARN]  jwt_spring_security [HikariCP housekeeper] com.zaxxer.hikari.pool.HikariPool                  - HikariCP - Thread starvation or clock leap detected (housekeeper delta=2m9s571ms).
2024-04-15 06:56:42.571 [WARN]  jwt_spring_security [HikariCP housekeeper] com.zaxxer.hikari.pool.HikariPool                  - HikariCP - Thread starvation or clock leap detected (housekeeper delta=2m9s585ms).
2024-04-15 06:58:27.258 [WARN]  jwt_spring_security [HikariCP housekeeper] com.zaxxer.hikari.pool.HikariPool                  - HikariCP - Thread starvation or clock leap detected (housekeeper delta=1m44s687ms).
2024-04-15 07:00:36.838 [WARN]  jwt_spring_security [HikariCP housekeeper] com.zaxxer.hikari.pool.HikariPool                  - HikariCP - Thread starvation or clock leap detected (housekeeper delta=2m9s580ms).
2024-04-15 07:01:56.624 [WARN]  jwt_spring_security [HikariCP housekeeper] com.zaxxer.hikari.pool.HikariPool                  - HikariCP - Thread starvation or clock leap detected (housekeeper delta=1m19s786ms).
2024-04-15 07:19:06.403 [WARN]  jwt_spring_security [HikariCP housekeeper] com.zaxxer.hikari.pool.HikariPool                  - HikariCP - Thread starvation or clock leap detected (housekeeper delta=17m9s779ms).
2024-04-15 07:20:51.094 [WARN]  jwt_spring_security [HikariCP housekeeper] com.zaxxer.hikari.pool.HikariPool                  - HikariCP - Thread starvation or clock leap detected (housekeeper delta=1m44s691ms).
2024-04-15 07:22:35.773 [WARN]  jwt_spring_security [HikariCP housekeeper] com.zaxxer.hikari.pool.HikariPool                  - HikariCP - Thread starvation or clock leap detected (housekeeper delta=1m44s679ms).
2024-04-15 07:26:54.792 [WARN]  jwt_spring_security [HikariCP housekeeper] com.zaxxer.hikari.pool.HikariPool                  - HikariCP - Thread starvation or clock leap detected (housekeeper delta=4m19s19ms).
2024-04-15 07:43:39.624 [WARN]  jwt_spring_security [HikariCP housekeeper] com.zaxxer.hikari.pool.HikariPool                  - HikariCP - Thread starvation or clock leap detected (housekeeper delta=16m44s832ms).
2024-04-15 07:45:49.188 [WARN]  jwt_spring_security [HikariCP housekeeper] com.zaxxer.hikari.pool.HikariPool                  - HikariCP - Thread starvation or clock leap detected (housekeeper delta=2m9s563ms).
2024-04-15 07:47:33.873 [WARN]  jwt_spring_security [HikariCP housekeeper] com.zaxxer.hikari.pool.HikariPool                  - HikariCP - Thread starvation or clock leap detected (housekeeper delta=1m44s685ms).
2024-04-15 07:49:43.477 [WARN]  jwt_spring_security [HikariCP housekeeper] com.zaxxer.hikari.pool.HikariPool                  - HikariCP - Thread starvation or clock leap detected (housekeeper delta=2m9s605ms).
2024-04-15 08:07:40.525 [DEBUG]  jwt_spring_security [http-nio-4000-exec-2] o.s.security.web.FilterChainProxy                  - Securing GET /account
2024-04-15 08:07:40.528 [INFO]  jwt_spring_security [http-nio-4000-exec-2] c.s.j.c.f.JwtTokenAuthenticationFilter             - Start do filter once per request, /account
2024-04-15 08:07:40.528 [INFO]  jwt_spring_security [http-nio-4000-exec-2] c.s.j.c.f.JwtTokenAuthenticationFilter             - end do filter: /account
2024-04-15 08:07:40.529 [DEBUG]  jwt_spring_security [http-nio-4000-exec-2] o.s.s.w.a.AnonymousAuthenticationFilter            - Set SecurityContextHolder to anonymous SecurityContext
2024-04-15 08:07:40.530 [DEBUG]  jwt_spring_security [http-nio-4000-exec-2] o.s.security.web.FilterChainProxy                  - Secured GET /account
2024-04-15 08:07:54.989 [INFO]  jwt_spring_security [SpringApplicationShutdownHook] o.s.o.j.LocalContainerEntityManagerFactoryBean     - Closing JPA EntityManagerFactory for persistence unit 'default'
2024-04-15 08:07:54.990 [INFO]  jwt_spring_security [SpringApplicationShutdownHook] com.zaxxer.hikari.HikariDataSource                 - HikariCP - Shutdown initiated...
2024-04-15 08:07:54.996 [INFO]  jwt_spring_security [SpringApplicationShutdownHook] com.zaxxer.hikari.HikariDataSource                 - HikariCP - Shutdown completed.
